Symlinking /home/adrian/git/go1_gazebo_sim/devel/share/phasespace/cmake/phasespaceConfig.cmake
Symlinking /home/adrian/git/go1_gazebo_sim/devel/share/phasespace/cmake/phasespace-msg-paths.cmake
Symlinking /home/adrian/git/go1_gazebo_sim/devel/share/phasespace/cmake/phasespace-msg-extras.cmake
Symlinking /home/adrian/git/go1_gazebo_sim/devel/share/phasespace/cmake/phasespaceConfig-version.cmake
Symlinking /home/adrian/git/go1_gazebo_sim/devel/share/gennodejs/ros/phasespace/_index.js
Symlinking /home/adrian/git/go1_gazebo_sim/devel/share/gennodejs/ros/phasespace/msg/_index.js
Symlinking /home/adrian/git/go1_gazebo_sim/devel/share/gennodejs/ros/phasespace/msg/Marker.js
Symlinking /home/adrian/git/go1_gazebo_sim/devel/share/gennodejs/ros/phasespace/msg/Cameras.js
Symlinking /home/adrian/git/go1_gazebo_sim/devel/share/gennodejs/ros/phasespace/msg/Rigid.js
Symlinking /home/adrian/git/go1_gazebo_sim/devel/share/gennodejs/ros/phasespace/msg/Camera.js
Symlinking /home/adrian/git/go1_gazebo_sim/devel/share/gennodejs/ros/phasespace/msg/Markers.js
Symlinking /home/adrian/git/go1_gazebo_sim/devel/share/gennodejs/ros/phasespace/msg/Rigids.js
Symlinking /home/adrian/git/go1_gazebo_sim/devel/share/common-lisp/ros/phasespace/msg/_package_Marker.lisp
Symlinking /home/adrian/git/go1_gazebo_sim/devel/share/common-lisp/ros/phasespace/msg/Rigids.lisp
Symlinking /home/adrian/git/go1_gazebo_sim/devel/share/common-lisp/ros/phasespace/msg/_package_Markers.lisp
Symlinking /home/adrian/git/go1_gazebo_sim/devel/share/common-lisp/ros/phasespace/msg/Marker.lisp
Symlinking /home/adrian/git/go1_gazebo_sim/devel/share/common-lisp/ros/phasespace/msg/Rigid.lisp
Symlinking /home/adrian/git/go1_gazebo_sim/devel/share/common-lisp/ros/phasespace/msg/_package_Camera.lisp
Symlinking /home/adrian/git/go1_gazebo_sim/devel/share/common-lisp/ros/phasespace/msg/Markers.lisp
Symlinking /home/adrian/git/go1_gazebo_sim/devel/share/common-lisp/ros/phasespace/msg/_package_Cameras.lisp
Symlinking /home/adrian/git/go1_gazebo_sim/devel/share/common-lisp/ros/phasespace/msg/_package.lisp
Symlinking /home/adrian/git/go1_gazebo_sim/devel/share/common-lisp/ros/phasespace/msg/Camera.lisp
Symlinking /home/adrian/git/go1_gazebo_sim/devel/share/common-lisp/ros/phasespace/msg/phasespace-msg.asd
Symlinking /home/adrian/git/go1_gazebo_sim/devel/share/common-lisp/ros/phasespace/msg/_package_Rigids.lisp
Symlinking /home/adrian/git/go1_gazebo_sim/devel/share/common-lisp/ros/phasespace/msg/_package_Rigid.lisp
Symlinking /home/adrian/git/go1_gazebo_sim/devel/share/common-lisp/ros/phasespace/msg/Cameras.lisp
Symlinking /home/adrian/git/go1_gazebo_sim/devel/share/roseus/ros/phasespace/manifest.l
Symlinking /home/adrian/git/go1_gazebo_sim/devel/share/roseus/ros/phasespace/msg/Markers.l
Symlinking /home/adrian/git/go1_gazebo_sim/devel/share/roseus/ros/phasespace/msg/Rigid.l
Symlinking /home/adrian/git/go1_gazebo_sim/devel/share/roseus/ros/phasespace/msg/Marker.l
Symlinking /home/adrian/git/go1_gazebo_sim/devel/share/roseus/ros/phasespace/msg/Rigids.l
Symlinking /home/adrian/git/go1_gazebo_sim/devel/share/roseus/ros/phasespace/msg/Camera.l
Symlinking /home/adrian/git/go1_gazebo_sim/devel/share/roseus/ros/phasespace/msg/Cameras.l
Symlinking /home/adrian/git/go1_gazebo_sim/devel/lib/libphasespace.so
Symlinking /home/adrian/git/go1_gazebo_sim/devel/lib/phasespace/phasespace_node
Symlinking /home/adrian/git/go1_gazebo_sim/devel/lib/python3/dist-packages/phasespace/__init__.py
Symlinking /home/adrian/git/go1_gazebo_sim/devel/lib/python3/dist-packages/phasespace/msg/_Rigids.py
Symlinking /home/adrian/git/go1_gazebo_sim/devel/lib/python3/dist-packages/phasespace/msg/_Camera.py
Symlinking /home/adrian/git/go1_gazebo_sim/devel/lib/python3/dist-packages/phasespace/msg/_Markers.py
Symlinking /home/adrian/git/go1_gazebo_sim/devel/lib/python3/dist-packages/phasespace/msg/_Cameras.py
Symlinking /home/adrian/git/go1_gazebo_sim/devel/lib/python3/dist-packages/phasespace/msg/_Rigid.py
Symlinking /home/adrian/git/go1_gazebo_sim/devel/lib/python3/dist-packages/phasespace/msg/_Marker.py
Symlinking /home/adrian/git/go1_gazebo_sim/devel/lib/python3/dist-packages/phasespace/msg/__init__.py
Symlinking /home/adrian/git/go1_gazebo_sim/devel/lib/pkgconfig/phasespace.pc
Symlinking /home/adrian/git/go1_gazebo_sim/devel/include/phasespace/Cameras.h
Symlinking /home/adrian/git/go1_gazebo_sim/devel/include/phasespace/Markers.h
Symlinking /home/adrian/git/go1_gazebo_sim/devel/include/phasespace/Rigids.h
Symlinking /home/adrian/git/go1_gazebo_sim/devel/include/phasespace/Camera.h
Symlinking /home/adrian/git/go1_gazebo_sim/devel/include/phasespace/Marker.h
Symlinking /home/adrian/git/go1_gazebo_sim/devel/include/phasespace/Rigid.h
