[  0%] Built target std_msgs_generate_messages_eus
[  0%] Built target _phasespace_generate_messages_check_deps_Rigid
[  0%] Built target _phasespace_generate_messages_check_deps_Rigids
[  0%] Built target _phasespace_generate_messages_check_deps_Camera
[  0%] Built target _phasespace_generate_messages_check_deps_Cameras
[  0%] Built target std_msgs_generate_messages_py
[  0%] Built target _phasespace_generate_messages_check_deps_Marker
[  0%] Built target std_msgs_generate_messages_lisp
[  0%] Built target std_msgs_generate_messages_nodejs
[  0%] Built target std_msgs_generate_messages_cpp
[  0%] Built target _phasespace_generate_messages_check_deps_Markers
[  5%] Built target phasespace_node
[ 25%] Built target phasespace_generate_messages_eus
[ 61%] Built target phasespace_generate_messages_lisp
[ 61%] Built target phasespace_generate_messages_py
[ 77%] Built target phasespace_generate_messages_nodejs
[ 94%] Built target phasespace_generate_messages_cpp
[ 94%] Built target phasespace_generate_messages
[ 94%] Built target phasespace_gencpp
[100%] Built target phasespace
